<?xml version="1.0" encoding="UTF-8"?>
<!-- Generated by org.testng.reporters.JUnitReportReporter -->
<testsuite name="br.ufrn.imd.ihc.identificationkey.run.LoginTest" tests="2" time="6.978" ignored="0" failures="0" timestamp="01 out 2017 02:52:24 GMT" skipped="0" hostname="ubuntu" errors="0">
  <testcase name="testLoginOk" time="3.101" classname="br.ufrn.imd.ihc.identificationkey.run.LoginTest"/>
  <testcase name="testLoginInvalid" time="3.877" classname="br.ufrn.imd.ihc.identificationkey.run.LoginTest"/>
</testsuite> <!-- br.ufrn.imd.ihc.identificationkey.run.LoginTest -->
