<?xml version="1.0" encoding="UTF-8"?>
<!-- Generated by org.testng.reporters.JUnitReportReporter -->
<testsuite name="br.ufrn.imd.ihc.identificationkey.tests.LoginTest" tests="2" time="3.691" ignored="0" failures="0" timestamp="01 out 2017 03:46:47 GMT" skipped="0" hostname="ubuntu" errors="0">
  <testcase name="testLoginOk" time="1.560" classname="br.ufrn.imd.ihc.identificationkey.tests.LoginTest"/>
  <testcase name="testLoginInvalid" time="2.131" classname="br.ufrn.imd.ihc.identificationkey.tests.LoginTest"/>
</testsuite> <!-- br.ufrn.imd.ihc.identificationkey.tests.LoginTest -->
